<?xml version="1.0" encoding="UTF-8"?>
<!-- Generated by org.testng.reporters.JUnitXMLReporter -->
<testsuite ignored="0" hostname="DESKTOP-JCOPT59" failures="0" tests="3" name="Default test" time="15.917" errors="0" timestamp="2024-09-05T22:09:27 IST">
  <testcase classname="orangeHRMTest.LoginPageTest" name="verifyTitle" time="0.037"/>
  <testcase classname="orangeHRMTest.LoginPageTest" name="verifyLogin" time="0.784"/>
  <testcase classname="orangeHRMTest.LoginPageTest" name="verifyUrl" time="1.346"/>
</testsuite> <!-- Default test -->
