<?xml version="1.0" encoding="UTF-8"?>
<!-- Generated by org.testng.reporters.JUnitXMLReporter -->
<testsuite ignored="4" hostname="DESKTOP-JCOPT59" failures="0" tests="7" name="DefaultTest" time="7.649" errors="0" timestamp="2024-09-04T22:45:25 IST">
  <testcase classname="orangeHRMTest.BaseTest" name="@BeforeClass pageSetup" time="0.004">
    <failure type="java.lang.NullPointerException" message="Cannot invoke &amp;quot;orangeHRMPages.LoginPage.doLogin(String, String)&amp;quot; because &amp;quot;this.lp&amp;quot; is null">
      <![CDATA[java.lang.NullPointerException: Cannot invoke "orangeHRMPages.LoginPage.doLogin(String, String)" because "this.lp" is null
at orangeHRMTest.BaseTest.pageSetup(BaseTest.java:35)
at java.base/java.util.ArrayList.forEach(ArrayList.java:1511)
... Removed 25 stack frames]]>
    </failure>
  </testcase> <!-- @BeforeClass pageSetup -->
  <testcase classname="orangeHRMTest.BaseTest" name="@BeforeClass pageSetup" time="0.001">
    <failure type="java.lang.NullPointerException" message="Cannot invoke &amp;quot;orangeHRMPages.LoginPage.doLogin(String, String)&amp;quot; because &amp;quot;this.lp&amp;quot; is null">
      <![CDATA[java.lang.NullPointerException: Cannot invoke "orangeHRMPages.LoginPage.doLogin(String, String)" because "this.lp" is null
at orangeHRMTest.BaseTest.pageSetup(BaseTest.java:35)
at java.base/java.util.ArrayList.forEach(ArrayList.java:1511)
... Removed 25 stack frames]]>
    </failure>
  </testcase> <!-- @BeforeClass pageSetup -->
  <testcase classname="orangeHRMTest.BaseTest" name="@AfterTest tearDown" time="0.0">
    <skipped/>
  </testcase> <!-- @AfterTest tearDown -->
  <testcase classname="orangeHRMTest.AdminPageTest" name="getAllMenu" time="0.001">
    <skipped/>
  </testcase> <!-- getAllMenu -->
  <testcase classname="orangeHRMTest.AdminPageTest" name="VerifySearchWithUsername" time="0.0">
    <skipped/>
  </testcase> <!-- VerifySearchWithUsername -->
  <testcase classname="orangeHRMTest.AdminPageTest" name="VerifySerchWithUserRole" time="0.0">
    <skipped/>
  </testcase> <!-- VerifySerchWithUserRole -->
  <testcase classname="orangeHRMTest.AdminPageTest" name="VerifySerchWithUserStatus" time="0.0">
    <skipped/>
  </testcase> <!-- VerifySerchWithUserStatus -->
  <testcase classname="orangeHRMTest.LoginPageTest" name="verifyTitle" time="0.0">
    <skipped/>
  </testcase> <!-- verifyTitle -->
  <testcase classname="orangeHRMTest.LoginPageTest" name="verifyLogin" time="0.0">
    <skipped/>
  </testcase> <!-- verifyLogin -->
  <testcase classname="orangeHRMTest.LoginPageTest" name="verifyUrl" time="0.0">
    <skipped/>
  </testcase> <!-- verifyUrl -->
  <testcase classname="orangeHRMTest.BaseTest" name="@BeforeTest setUp" time="0.0">
    <ignored/>
  </testcase> <!-- @BeforeTest setUp -->
  <testcase classname="orangeHRMTest.BaseTest" name="@AfterTest tearDown" time="0.0">
    <ignored/>
  </testcase> <!-- @AfterTest tearDown -->
  <testcase classname="orangeHRMTest.BaseTest" name="@AfterTest tearDown" time="0.0">
    <ignored/>
  </testcase> <!-- @AfterTest tearDown -->
  <testcase classname="orangeHRMTest.BaseTest" name="@BeforeTest setUp" time="0.0">
    <ignored/>
  </testcase> <!-- @BeforeTest setUp -->
</testsuite> <!-- DefaultTest -->
